<?xml version="1.0" encoding="UTF-8"?>
<testng-results ignored="0" total="1" passed="1" failed="0" skipped="0">
  <reporter-output>
    <line>
      <![CDATA[Response {
    "City": "Everett",
    "Temperature": "20.47 Degree celsius",
    "Humidity": "72 Percent",
    "WeatherDescription": "overcast clouds",
    "WindSpeed": "2.6 Km per hour",
    "WindDirectionDegree": "350 Degree"
}]]>
    </line>
    <line>
      <![CDATA[We get status code 200]]>
    </line>
  </reporter-output>
  <suite started-at="2019-08-15T03:59:03Z" name="Default Suite" finished-at="2019-08-15T03:59:06Z" duration-ms="2553">
    <groups>
    </groups>
    <test started-at="2019-08-15T03:59:03Z" name="apiWeatherTest" finished-at="2019-08-15T03:59:06Z" duration-ms="2553">
      <class name="ApiWeatherTest">
        <test-method signature="testApiWeather()[pri:0, instance:ApiWeatherTest@3c130745]" started-at="2019-08-15T03:59:03Z" name="testApiWeather" finished-at="2019-08-15T03:59:06Z" duration-ms="2521" status="PASS">
          <reporter-output>
            <line>
              <![CDATA[Response {
    "City": "Everett",
    "Temperature": "20.47 Degree celsius",
    "Humidity": "72 Percent",
    "WeatherDescription": "overcast clouds",
    "WindSpeed": "2.6 Km per hour",
    "WindDirectionDegree": "350 Degree"
}]]>
            </line>
            <line>
              <![CDATA[We get status code 200]]>
            </line>
          </reporter-output>
        </test-method> <!-- testApiWeather -->
      </class> <!-- ApiWeatherTest -->
    </test> <!-- apiWeatherTest -->
  </suite> <!-- Default Suite -->
</testng-results>
